*** Starting uWSGI 2.0.17 (64bit) on [Sat Mar 10 17:09:55 2018] ***
compiled with version: 5.4.0 20160609 on 09 March 2018 12:26:34
os: Linux-4.4.0-31-generic #50-Ubuntu SMP Wed Jul 13 00:07:12 UTC 2016
nodename: ubuntu
machine: x86_64
clock source: unix
pcre jit disabled
detected number of CPU cores: 1
current working directory: /home/python/Desktop/dailyfresh_24/dailyfresh_24
writing pidfile to uwsgi.pid
detected binary path: /home/python/.virtualenvs/py3_CJZ_24_django/bin/uwsgi
chdir() to /home/python/Desktop/dailyfresh_24/dailyfresh_24
your processes number limit is 7775
your memory page size is 4096 bytes
detected max file descriptor number: 1024
lock engine: pthread robust mutexes
thunder lock: disabled (you can enable it with --thunder-lock)
probably another instance of uWSGI is running on the same address (192.168.92.136:8080).
bind(): Address already in use [core/socket.c line 769]
*** Starting uWSGI 2.0.17 (64bit) on [Sat Mar 10 17:36:14 2018] ***
compiled with version: 5.4.0 20160609 on 09 March 2018 12:26:34
os: Linux-4.4.0-31-generic #50-Ubuntu SMP Wed Jul 13 00:07:12 UTC 2016
nodename: ubuntu
machine: x86_64
clock source: unix
pcre jit disabled
detected number of CPU cores: 1
current working directory: /home/python/Desktop/dailyfresh_24/dailyfresh_24
writing pidfile to uwsgi.pid
detected binary path: /home/python/.virtualenvs/py3_CJZ_24_django/bin/uwsgi
chdir() to /home/python/Desktop/dailyfresh_24/dailyfresh_24
your processes number limit is 7775
your memory page size is 4096 bytes
detected max file descriptor number: 1048576
lock engine: pthread robust mutexes
thunder lock: disabled (you can enable it with --thunder-lock)
uwsgi socket 0 bound to TCP address 192.168.92.136:8080 fd 3
Python version: 3.5.2 (default, Nov 23 2017, 16:37:01)  [GCC 5.4.0 20160609]
Set PythonHome to /home/python/.virtualenvs/py3_CJZ_24_django
Python main interpreter initialized at 0x1c56610
python threads support enabled
your server socket listen backlog is limited to 100 connections
your mercy for graceful operations on workers is 60 seconds
mapped 416880 bytes (407 KB) for 8 cores
*** Operational MODE: preforking+threaded ***
WSGI app 0 (mountpoint='') ready in 8 seconds on interpreter 0x1c56610 pid: 3946 (default app)
*** uWSGI is running in multiple interpreter mode ***
spawned uWSGI master process (pid: 3946)
spawned uWSGI worker 1 (pid: 3972, cores: 2)
spawned uWSGI worker 2 (pid: 3973, cores: 2)
spawned uWSGI worker 3 (pid: 3974, cores: 2)
spawned uWSGI worker 4 (pid: 3975, cores: 2)
[pid: 3975|app: 0|req: 1/1] 192.168.92.136 () {38 vars in 596 bytes} [Sat Mar 10 17:43:35 2018] GET /favicon.ico => generated 85 bytes in 4452 msecs (HTTP/1.1 404) 2 headers in 80 bytes (1 switches on core 0)
[pid: 3973|app: 0|req: 1/2] 192.168.92.136 () {38 vars in 596 bytes} [Sat Mar 10 17:43:40 2018] GET /favicon.ico => generated 85 bytes in 220 msecs (HTTP/1.1 404) 2 headers in 80 bytes (1 switches on core 0)
[pid: 3973|app: 0|req: 2/3] 192.168.92.136 () {38 vars in 652 bytes} [Sat Mar 10 17:43:43 2018] GET /index => generated 16270 bytes in 3045 msecs (HTTP/1.1 200) 3 headers in 102 bytes (1 switches on core 1)
[pid: 3973|app: 0|req: 3/4] 192.168.92.136 () {40 vars in 710 bytes} [Sat Mar 10 17:43:50 2018] GET /users/login => generated 1940 bytes in 12 msecs (HTTP/1.1 200) 4 headers in 224 bytes (1 switches on core 0)
[pid: 3975|app: 0|req: 2/5] 192.168.92.136 () {44 vars in 833 bytes} [Sat Mar 10 17:43:57 2018] GET /index => generated 16277 bytes in 406 msecs (HTTP/1.1 200) 3 headers in 102 bytes (1 switches on core 1)
[pid: 3973|app: 0|req: 4/6] 192.168.92.136 () {42 vars in 801 bytes} [Sat Mar 10 17:44:04 2018] GET /cart/ => generated 10485 bytes in 100 msecs (HTTP/1.1 200) 4 headers in 224 bytes (1 switches on core 1)
